<?xml version="1.0" encoding="UTF-8"?>
<!-- Generated by org.testng.reporters.JUnitReportReporter -->
<testsuite hostname="DESKTOP-BNURHSR" failures="0" tests="1" name="Web_Automation" time="6.805" errors="0" timestamp="2024-04-18T19:10:43 EDT" skipped="0">
  <testcase classname="Web_Automation" name="lauchUrl" time="6.805"/>
  <system-out/>
</testsuite> <!-- Web_Automation -->
